  Ending.cpp
c:\users\sakai yuu\desktop\雨宮昂志　チームcar\チーム11班\hitokariikouze\timer.h(17): warning C4200: 非標準の拡張機能が使用されています: 構造体または共用体中にサイズが 0 の配列があります。
  c:\users\sakai yuu\desktop\雨宮昂志　チームcar\チーム11班\hitokariikouze\timer.h(17): note: このメンバーは、既定のコンストラクターまたはコピー/移動代入演算子により無視されます
  GamePlay.cpp
c:\users\sakai yuu\desktop\雨宮昂志　チームcar\チーム11班\hitokariikouze\timer.h(17): warning C4200: 非標準の拡張機能が使用されています: 構造体または共用体中にサイズが 0 の配列があります。
  c:\users\sakai yuu\desktop\雨宮昂志　チームcar\チーム11班\hitokariikouze\timer.h(17): note: このメンバーは、既定のコンストラクターまたはコピー/移動代入演算子により無視されます
c:\users\sakai yuu\desktop\雨宮昂志　チームcar\チーム11班\hitokariikouze\gameplay.cpp(77): warning C4244: '初期化中': 'double' から 'float' への変換です。データが失われる可能性があります。
c:\users\sakai yuu\desktop\雨宮昂志　チームcar\チーム11班\hitokariikouze\gameplay.cpp(80): warning C4244: '引数': 'float' から 'int' への変換です。データが失われる可能性があります。
c:\users\sakai yuu\desktop\雨宮昂志　チームcar\チーム11班\hitokariikouze\gameplay.cpp(83): warning C4244: '引数': 'float' から 'int' への変換です。データが失われる可能性があります。
c:\users\sakai yuu\desktop\雨宮昂志　チームcar\チーム11班\hitokariikouze\gameplay.cpp(84): warning C4244: '引数': 'float' から 'int' への変換です。データが失われる可能性があります。
c:\users\sakai yuu\desktop\雨宮昂志　チームcar\チーム11班\hitokariikouze\gameplay.cpp(85): warning C4244: '引数': 'double' から 'float' への変換です。データが失われる可能性があります。
c:\users\sakai yuu\desktop\雨宮昂志　チームcar\チーム11班\hitokariikouze\gameplay.cpp(86): warning C4244: '引数': 'double' から 'float' への変換です。データが失われる可能性があります。
c:\users\sakai yuu\desktop\雨宮昂志　チームcar\チーム11班\hitokariikouze\gameplay.cpp(88): warning C4305: '引数': 'double' から 'float' へ切り詰めます。
c:\users\sakai yuu\desktop\雨宮昂志　チームcar\チーム11班\hitokariikouze\gameplay.cpp(89): warning C4244: '引数': 'double' から 'float' への変換です。データが失われる可能性があります。
c:\users\sakai yuu\desktop\雨宮昂志　チームcar\チーム11班\hitokariikouze\gameplay.cpp(90): warning C4244: '引数': 'double' から 'float' への変換です。データが失われる可能性があります。
c:\users\sakai yuu\desktop\雨宮昂志　チームcar\チーム11班\hitokariikouze\gameplay.cpp(92): warning C4305: '引数': 'double' から 'float' へ切り詰めます。
c:\users\sakai yuu\desktop\雨宮昂志　チームcar\チーム11班\hitokariikouze\gameplay.cpp(93): warning C4244: '引数': 'double' から 'float' への変換です。データが失われる可能性があります。
c:\users\sakai yuu\desktop\雨宮昂志　チームcar\チーム11班\hitokariikouze\gameplay.cpp(98): warning C4244: '引数': 'double' から 'float' への変換です。データが失われる可能性があります。
c:\users\sakai yuu\desktop\雨宮昂志　チームcar\チーム11班\hitokariikouze\gameplay.cpp(99): warning C4305: '引数': 'double' から 'float' へ切り詰めます。
c:\users\sakai yuu\desktop\雨宮昂志　チームcar\チーム11班\hitokariikouze\gameplay.cpp(105): warning C4305: '引数': 'double' から 'float' へ切り詰めます。
c:\users\sakai yuu\desktop\雨宮昂志　チームcar\チーム11班\hitokariikouze\gameplay.cpp(106): warning C4305: '引数': 'double' から 'float' へ切り詰めます。
  SceneManager.cpp
c:\users\sakai yuu\desktop\雨宮昂志　チームcar\チーム11班\hitokariikouze\timer.h(17): warning C4200: 非標準の拡張機能が使用されています: 構造体または共用体中にサイズが 0 の配列があります。
  c:\users\sakai yuu\desktop\雨宮昂志　チームcar\チーム11班\hitokariikouze\timer.h(17): note: このメンバーは、既定のコンストラクターまたはコピー/移動代入演算子により無視されます
  Sound.cpp
  Title.cpp
c:\users\sakai yuu\desktop\雨宮昂志　チームcar\チーム11班\hitokariikouze\timer.h(17): warning C4200: 非標準の拡張機能が使用されています: 構造体または共用体中にサイズが 0 の配列があります。
  c:\users\sakai yuu\desktop\雨宮昂志　チームcar\チーム11班\hitokariikouze\timer.h(17): note: このメンバーは、既定のコンストラクターまたはコピー/移動代入演算子により無視されます
  コードを生成中...
  hitokariikouze.vcxproj -> C:\Users\sakai Yuu\Desktop\雨宮昂志　チームcar\チーム11班\hitokariikouze\Debug\hitokariikouze.exe
